[2026-02-24 23:43:55] [INFO    ] [finsense] ======================================================================
[2026-02-24 23:43:55] [INFO    ] [finsense] INICIANDO FINSENSE
[2026-02-24 23:43:55] [INFO    ] [finsense] ======================================================================
[2026-02-24 23:43:56] [DEBUG   ] [finsense] Cargadas 19 excepciones de clasificación
[2026-02-24 23:43:56] [INFO    ] [finsense] Pipeline inicializado con 0 transacciones conocidas en 0 cuentas
[2026-02-24 23:43:56] [INFO    ] [finsense] Encontrados 22 CSVs y 0 PDFs en input
[2026-02-24 23:43:56] [DEBUG   ] [finsense] Parser openbank parseó 13529 transacciones de openbank_TOTAL_ES3600730100550435513660_EUR.csv
[2026-02-24 23:43:56] [DEBUG   ] [finsense]   openbank_TOTAL_ES3600730100550435513660_EUR.csv: parseo=13529, internos_dup=0, cross_dup=0, result=13529
[2026-02-24 23:43:56] [INFO    ] [finsense]   Clasificación por capa:
[2026-02-24 23:43:56] [INFO    ] [finsense]     Capa 0 (Reglas prioritarias      ):  1406 tx ( 10.4%)
[2026-02-24 23:43:56] [INFO    ] [finsense]     Capa 1 (Exact match              ):  5424 tx ( 40.1%)
[2026-02-24 23:43:56] [INFO    ] [finsense]     Capa 2 (Merchants                ):  4402 tx ( 32.5%)
[2026-02-24 23:43:56] [INFO    ] [finsense]     Capa 3 (Transferencias           ):   718 tx (  5.3%)
[2026-02-24 23:43:56] [INFO    ] [finsense]     Capa 4 (Tokens                   ):   331 tx (  2.4%)
[2026-02-24 23:43:56] [INFO    ] [finsense]     Capa 5 (Sin clasificar           ):  1248 tx (  9.2%)
[2026-02-24 23:43:56] [INFO    ] [finsense] ✓ openbank_TOTAL_ES3600730100550435513660_EUR.csv | Total: 13529 | Nuevos: 13529 | Duplic: 0
[2026-02-24 23:43:56] [DEBUG   ] [finsense] Parser abanca parseó 7 transacciones de ABANCA_ES5120800823473040166463.csv
[2026-02-24 23:43:56] [DEBUG   ] [finsense]   ABANCA_ES5120800823473040166463.csv: parseo=7, internos_dup=0, cross_dup=0, result=7
[2026-02-24 23:43:56] [INFO    ] [finsense]   Clasificación por capa:
[2026-02-24 23:43:56] [INFO    ] [finsense]     Capa 1 (Exact match              ):     6 tx ( 85.7%)
[2026-02-24 23:43:56] [INFO    ] [finsense]     Capa 2 (Merchants                ):     1 tx ( 14.3%)
[2026-02-24 23:43:56] [INFO    ] [finsense] ✓ ABANCA_ES5120800823473040166463.csv           | Total:    7 | Nuevos:    7 | Duplic: 0
[2026-02-24 23:43:56] [DEBUG   ] [finsense] Parser bankinter parseó 29 transacciones de Bankinter_01288700160105752044.csv
[2026-02-24 23:43:56] [DEBUG   ] [finsense]   Bankinter_01288700160105752044.csv: parseo=29, internos_dup=0, cross_dup=0, result=29
[2026-02-24 23:43:56] [INFO    ] [finsense]   Clasificación por capa:
[2026-02-24 23:43:56] [INFO    ] [finsense]     Capa 0 (Reglas prioritarias      ):    14 tx ( 48.3%)
[2026-02-24 23:43:56] [INFO    ] [finsense]     Capa 2 (Merchants                ):     2 tx (  6.9%)
[2026-02-24 23:43:56] [INFO    ] [finsense]     Capa 3 (Transferencias           ):    13 tx ( 44.8%)
[2026-02-24 23:43:56] [INFO    ] [finsense] ✓ Bankinter_01288700160105752044.csv            | Total:   29 | Nuevos:   29 | Duplic: 0
[2026-02-24 23:43:56] [DEBUG   ] [finsense] Parser bankinter parseó 120 transacciones de Bankinter_01288700180105753633.csv
[2026-02-24 23:43:56] [DEBUG   ] [finsense]   Bankinter_01288700180105753633.csv: parseo=120, internos_dup=0, cross_dup=0, result=120
[2026-02-24 23:43:56] [INFO    ] [finsense]   Clasificación por capa:
[2026-02-24 23:43:56] [INFO    ] [finsense]     Capa 0 (Reglas prioritarias      ):    16 tx ( 13.3%)
[2026-02-24 23:43:56] [INFO    ] [finsense]     Capa 2 (Merchants                ):    53 tx ( 44.2%)
[2026-02-24 23:43:56] [INFO    ] [finsense]     Capa 3 (Transferencias           ):    46 tx ( 38.3%)
[2026-02-24 23:43:56] [INFO    ] [finsense]     Capa 4 (Tokens                   ):     5 tx (  4.2%)
[2026-02-24 23:43:56] [INFO    ] [finsense] ✓ Bankinter_01288700180105753633.csv            | Total:  120 | Nuevos:  120 | Duplic: 0
[2026-02-24 23:43:56] [DEBUG   ] [finsense] Parser b100 parseó 148 transacciones de MovimientosB100_ES88208001000130433834426.csv
[2026-02-24 23:43:56] [DEBUG   ] [finsense]   MovimientosB100_ES88208001000130433834426.csv: parseo=148, internos_dup=0, cross_dup=0, result=148
[2026-02-24 23:43:56] [INFO    ] [finsense]   Clasificación por capa:
[2026-02-24 23:43:56] [INFO    ] [finsense]     Capa 0 (Reglas prioritarias      ):   127 tx ( 85.8%)
[2026-02-24 23:43:56] [INFO    ] [finsense]     Capa 1 (Exact match              ):    21 tx ( 14.2%)
[2026-02-24 23:43:56] [INFO    ] [finsense] ✓ MovimientosB100_ES88208001000130433834426.csv | Total:  148 | Nuevos:  148 | Duplic: 0
[2026-02-24 23:43:56] [DEBUG   ] [finsense] Parser myinvestor parseó 10 transacciones de MyInvestor_ES5215447889746650686253.csv
[2026-02-24 23:43:56] [DEBUG   ] [finsense]   MyInvestor_ES5215447889746650686253.csv: parseo=10, internos_dup=0, cross_dup=0, result=10
[2026-02-24 23:43:56] [INFO    ] [finsense]   Clasificación por capa:
[2026-02-24 23:43:56] [INFO    ] [finsense]     Capa 0 (Reglas prioritarias      ):     1 tx ( 10.0%)
[2026-02-24 23:43:56] [INFO    ] [finsense]     Capa 1 (Exact match              ):     6 tx ( 60.0%)
[2026-02-24 23:43:56] [INFO    ] [finsense]     Capa 3 (Transferencias           ):     3 tx ( 30.0%)
[2026-02-24 23:43:56] [INFO    ] [finsense] ✓ MyInvestor_ES5215447889746650686253.csv       | Total:   10 | Nuevos:   10 | Duplic: 0
[2026-02-24 23:43:56] [DEBUG   ] [finsense] Parser myinvestor parseó 76 transacciones de MyInvestor_ES6115447889736650701175.csv
[2026-02-24 23:43:56] [DEBUG   ] [finsense]   MyInvestor_ES6115447889736650701175.csv: parseo=76, internos_dup=0, cross_dup=0, result=76
[2026-02-24 23:43:56] [INFO    ] [finsense]   Clasificación por capa:
[2026-02-24 23:43:56] [INFO    ] [finsense]     Capa 0 (Reglas prioritarias      ):     1 tx (  1.3%)
[2026-02-24 23:43:56] [INFO    ] [finsense]     Capa 1 (Exact match              ):    69 tx ( 90.8%)
[2026-02-24 23:43:56] [INFO    ] [finsense]     Capa 2 (Merchants                ):     6 tx (  7.9%)
[2026-02-24 23:43:56] [INFO    ] [finsense] ✓ MyInvestor_ES6115447889736650701175.csv       | Total:   76 | Nuevos:   76 | Duplic: 0
[2026-02-24 23:43:56] [DEBUG   ] [finsense] Parser myinvestor parseó 26 transacciones de MyInvestor_ES7715447889736650686240.csv
[2026-02-24 23:43:56] [DEBUG   ] [finsense]   MyInvestor_ES7715447889736650686240.csv: parseo=26, internos_dup=0, cross_dup=0, result=26
[2026-02-24 23:43:56] [INFO    ] [finsense]   Clasificación por capa:
[2026-02-24 23:43:56] [INFO    ] [finsense]     Capa 0 (Reglas prioritarias      ):     1 tx (  3.8%)
[2026-02-24 23:43:56] [INFO    ] [finsense]     Capa 1 (Exact match              ):    24 tx ( 92.3%)
[2026-02-24 23:43:56] [INFO    ] [finsense]     Capa 2 (Merchants                ):     1 tx (  3.8%)
[2026-02-24 23:43:56] [INFO    ] [finsense] ✓ MyInvestor_ES7715447889736650686240.csv       | Total:   26 | Nuevos:   26 | Duplic: 0
[2026-02-24 23:43:56] [DEBUG   ] [finsense] Parser myinvestor parseó 30 transacciones de Myinvestor_ES6015447889796650683633.csv
[2026-02-24 23:43:56] [DEBUG   ] [finsense]   Myinvestor_ES6015447889796650683633.csv: parseo=30, internos_dup=0, cross_dup=0, result=30
[2026-02-24 23:43:56] [INFO    ] [finsense]   Clasificación por capa:
[2026-02-24 23:43:56] [INFO    ] [finsense]     Capa 0 (Reglas prioritarias      ):     1 tx (  3.3%)
[2026-02-24 23:43:56] [INFO    ] [finsense]     Capa 1 (Exact match              ):    28 tx ( 93.3%)
[2026-02-24 23:43:56] [INFO    ] [finsense]     Capa 3 (Transferencias           ):     1 tx (  3.3%)
[2026-02-24 23:43:56] [INFO    ] [finsense] ✓ Myinvestor_ES6015447889796650683633.csv       | Total:   30 | Nuevos:   30 | Duplic: 0
[2026-02-24 23:43:56] [DEBUG   ] [finsense] Parser myinvestor parseó 29 transacciones de Myinvestor_ES7415447889716653144178.csv
[2026-02-24 23:43:56] [DEBUG   ] [finsense]   Myinvestor_ES7415447889716653144178.csv: parseo=29, internos_dup=0, cross_dup=0, result=29
[2026-02-24 23:43:56] [INFO    ] [finsense]   Clasificación por capa:
[2026-02-24 23:43:56] [INFO    ] [finsense]     Capa 0 (Reglas prioritarias      ):     1 tx (  3.4%)
[2026-02-24 23:43:56] [INFO    ] [finsense]     Capa 1 (Exact match              ):    23 tx ( 79.3%)
[2026-02-24 23:43:56] [INFO    ] [finsense]     Capa 3 (Transferencias           ):     5 tx ( 17.2%)
[2026-02-24 23:43:56] [INFO    ] [finsense] ✓ Myinvestor_ES7415447889716653144178.csv       | Total:   29 | Nuevos:   29 | Duplic: 0
[2026-02-24 23:43:56] [DEBUG   ] [finsense] Parser preprocessed parseó 1000 transacciones de Openbank_ES3600730100550435513660.csv
[2026-02-24 23:43:56] [DEBUG   ] [finsense]   Openbank_ES3600730100550435513660.csv: parseo=1000, internos_dup=0, cross_dup=994, result=6
[2026-02-24 23:43:56] [INFO    ] [finsense]   Clasificación por capa:
[2026-02-24 23:43:56] [INFO    ] [finsense]     Capa 1 (Exact match              ):     4 tx ( 66.7%)
[2026-02-24 23:43:56] [INFO    ] [finsense]     Capa 2 (Merchants                ):     2 tx ( 33.3%)
[2026-02-24 23:43:56] [INFO    ] [finsense] ✓ Openbank_ES3600730100550435513660.csv         | Total: 1000 | Nuevos:    6 | Duplic: 994 (de: 994x openbank_TOTAL_ES3600730100550435513660_EUR.csv)
[2026-02-24 23:43:56] [DEBUG   ] [finsense] Parser openbank parseó 26 transacciones de Openbank_Fede_ES1900730100500502943470.xls.csv
[2026-02-24 23:43:56] [DEBUG   ] [finsense]   Openbank_Fede_ES1900730100500502943470.xls.csv: parseo=26, internos_dup=0, cross_dup=0, result=26
[2026-02-24 23:43:56] [INFO    ] [finsense]   Clasificación por capa:
[2026-02-24 23:43:56] [INFO    ] [finsense]     Capa 1 (Exact match              ):    26 tx (100.0%)
[2026-02-24 23:43:56] [INFO    ] [finsense] ✓ Openbank_Fede_ES1900730100500502943470.xls.csv | Total:   26 | Nuevos:   26 | Duplic: 0
[2026-02-24 23:43:56] [DEBUG   ] [finsense] Parser openbank parseó 30 transacciones de Openbank_Miguel_ES6700730100510502943333.xls.csv
[2026-02-24 23:43:56] [DEBUG   ] [finsense]   Openbank_Miguel_ES6700730100510502943333.xls.csv: parseo=30, internos_dup=0, cross_dup=0, result=30
[2026-02-24 23:43:56] [INFO    ] [finsense]   Clasificación por capa:
[2026-02-24 23:43:56] [INFO    ] [finsense]     Capa 1 (Exact match              ):    29 tx ( 96.7%)
[2026-02-24 23:43:56] [INFO    ] [finsense]     Capa 3 (Transferencias           ):     1 tx (  3.3%)
[2026-02-24 23:43:56] [INFO    ] [finsense] ✓ Openbank_Miguel_ES6700730100510502943333.xls.csv | Total:   30 | Nuevos:   30 | Duplic: 0
[2026-02-24 23:43:56] [DEBUG   ] [finsense] Parser openbank parseó 81 transacciones de Openbank_Violeta_ES4200730100550502943296.xls.csv
[2026-02-24 23:43:56] [DEBUG   ] [finsense]   Openbank_Violeta_ES4200730100550502943296.xls.csv: parseo=81, internos_dup=0, cross_dup=0, result=81
[2026-02-24 23:43:56] [INFO    ] [finsense]   Clasificación por capa:
[2026-02-24 23:43:56] [INFO    ] [finsense]     Capa 0 (Reglas prioritarias      ):     1 tx (  1.2%)
[2026-02-24 23:43:56] [INFO    ] [finsense]     Capa 1 (Exact match              ):    27 tx ( 33.3%)
[2026-02-24 23:43:56] [INFO    ] [finsense]     Capa 2 (Merchants                ):    47 tx ( 58.0%)
[2026-02-24 23:43:56] [INFO    ] [finsense]     Capa 4 (Tokens                   ):     6 tx (  7.4%)
[2026-02-24 23:43:56] [INFO    ] [finsense] ✓ Openbank_Violeta_ES4200730100550502943296.xls.csv | Total:   81 | Nuevos:   81 | Duplic: 0
[2026-02-24 23:43:56] [DEBUG   ] [finsense] Parser revolut parseó 210 transacciones de Revolut_ES1215830001199090471794.csv
[2026-02-24 23:43:56] [DEBUG   ] [finsense]   Revolut_ES1215830001199090471794.csv: parseo=210, internos_dup=0, cross_dup=0, result=210
[2026-02-24 23:43:56] [INFO    ] [finsense]   Clasificación por capa:
[2026-02-24 23:43:56] [INFO    ] [finsense]     Capa 0 (Reglas prioritarias      ):    30 tx ( 14.3%)
[2026-02-24 23:43:56] [INFO    ] [finsense]     Capa 1 (Exact match              ):   180 tx ( 85.7%)
[2026-02-24 23:43:56] [INFO    ] [finsense] ✓ Revolut_ES1215830001199090471794.csv          | Total:  210 | Nuevos:  210 | Duplic: 0
[2026-02-24 23:43:56] [DEBUG   ] [finsense] Parser enablebanking parseó 2 transacciones de abanca_ES5120800823473040166463_EUR_20260213-180352.csv
[2026-02-24 23:43:56] [DEBUG   ] [finsense]   abanca_ES5120800823473040166463_EUR_20260213-180352.csv: parseo=2, internos_dup=0, cross_dup=0, result=2
[2026-02-24 23:43:56] [INFO    ] [finsense]   Clasificación por capa:
[2026-02-24 23:43:56] [INFO    ] [finsense]     Capa 0 (Reglas prioritarias      ):     1 tx ( 50.0%)
[2026-02-24 23:43:56] [INFO    ] [finsense]     Capa 1 (Exact match              ):     1 tx ( 50.0%)
[2026-02-24 23:43:56] [INFO    ] [finsense] ✓ abanca_ES5120800823473040166463_EUR_20260213-180352.csv | Total:    2 | Nuevos:    2 | Duplic: 0
[2026-02-24 23:43:56] [DEBUG   ] [finsense] Parser enablebanking parseó 0 transacciones de abanca_ES8820800100013043834426_EUR_20260213-180402.csv
[2026-02-24 23:43:56] [INFO    ] [finsense] ✓ abanca_ES8820800100013043834426_EUR_20260213-180402.csv | Total:    0 | Nuevos:    0 | Duplic: 0
[2026-02-24 23:43:56] [DEBUG   ] [finsense] Parser enablebanking parseó 25 transacciones de enable_abanca_ES66208001000130433834434_EUR_20260214-221642.csv
[2026-02-24 23:43:56] [DEBUG   ] [finsense]   enable_abanca_ES66208001000130433834434_EUR_20260214-221642.csv: parseo=25, internos_dup=0, cross_dup=0, result=25
[2026-02-24 23:43:56] [INFO    ] [finsense]   Clasificación por capa:
[2026-02-24 23:43:56] [INFO    ] [finsense]     Capa 0 (Reglas prioritarias      ):    25 tx (100.0%)
[2026-02-24 23:43:56] [INFO    ] [finsense] ✓ enable_abanca_ES66208001000130433834434_EUR_20260214-221642.csv | Total:   25 | Nuevos:   25 | Duplic: 0
[2026-02-24 23:43:56] [DEBUG   ] [finsense] Parser enablebanking parseó 111 transacciones de enable_abanca_ES95208001000830433834442_EUR_20260214-221634.csv
[2026-02-24 23:43:56] [DEBUG   ] [finsense]   enable_abanca_ES95208001000830433834442_EUR_20260214-221634.csv: parseo=111, internos_dup=0, cross_dup=0, result=111
[2026-02-24 23:43:56] [INFO    ] [finsense]   Clasificación por capa:
[2026-02-24 23:43:56] [INFO    ] [finsense]     Capa 0 (Reglas prioritarias      ):   111 tx (100.0%)
[2026-02-24 23:43:56] [INFO    ] [finsense] ✓ enable_abanca_ES95208001000830433834442_EUR_20260214-221634.csv | Total:  111 | Nuevos:  111 | Duplic: 0
[2026-02-24 23:43:56] [DEBUG   ] [finsense] Parser mediolanum_old parseó 457 transacciones de mediolanum_ES2501865001680510084831.csv
[2026-02-24 23:43:56] [DEBUG   ] [finsense]   mediolanum_ES2501865001680510084831.csv: parseo=457, internos_dup=0, cross_dup=0, result=457
[2026-02-24 23:43:56] [INFO    ] [finsense]   Clasificación por capa:
[2026-02-24 23:43:56] [INFO    ] [finsense]     Capa 0 (Reglas prioritarias      ):    36 tx (  7.9%)
[2026-02-24 23:43:56] [INFO    ] [finsense]     Capa 1 (Exact match              ):   421 tx ( 92.1%)
[2026-02-24 23:43:56] [INFO    ] [finsense] ✓ mediolanum_ES2501865001680510084831.csv       | Total:  457 | Nuevos:  457 | Duplic: 0
[2026-02-24 23:43:56] [DEBUG   ] [finsense] Parser openbank parseó 55 transacciones de openbank_ES2200730100510135698457.csv
[2026-02-24 23:43:56] [DEBUG   ] [finsense]   openbank_ES2200730100510135698457.csv: parseo=55, internos_dup=0, cross_dup=0, result=55
[2026-02-24 23:43:56] [INFO    ] [finsense]   Clasificación por capa:
[2026-02-24 23:43:56] [INFO    ] [finsense]     Capa 1 (Exact match              ):    55 tx (100.0%)
[2026-02-24 23:43:56] [INFO    ] [finsense] ✓ openbank_ES2200730100510135698457.csv         | Total:   55 | Nuevos:   55 | Duplic: 0
[2026-02-24 23:43:56] [DEBUG   ] [finsense] Parser enablebanking parseó 25 transacciones de openbank_ES3600730100550435513660_EUR_20260213-180337.csv
[2026-02-24 23:43:56] [DEBUG   ] [finsense]   openbank_ES3600730100550435513660_EUR_20260213-180337.csv: parseo=25, internos_dup=0, cross_dup=11, result=14
[2026-02-24 23:43:56] [INFO    ] [finsense]   Clasificación por capa:
[2026-02-24 23:43:56] [INFO    ] [finsense]     Capa 1 (Exact match              ):     6 tx ( 42.9%)
[2026-02-24 23:43:56] [INFO    ] [finsense]     Capa 2 (Merchants                ):     6 tx ( 42.9%)
[2026-02-24 23:43:56] [INFO    ] [finsense]     Capa 4 (Tokens                   ):     2 tx ( 14.3%)
[2026-02-24 23:43:56] [INFO    ] [finsense] ✓ openbank_ES3600730100550435513660_EUR_20260213-180337.csv | Total:   25 | Nuevos:   14 | Duplic: 11 (de: 4x Openbank_ES3600730100550435513660.csv, 7x openbank_TOTAL_ES3600730100550435513660_EUR.csv)
[2026-02-24 23:43:56] [INFO    ] [finsense] 
[2026-02-24 23:43:56] [INFO    ] [finsense] Total procesado: 15021 transacciones nuevas
